#
# A fatal error has been detected by the Java Runtime Environment:
#
#  EXCEPTION_ACCESS_VIOLATION (0xc0000005) at pc=0x00007ffd50cab661, pid=24420, tid=17596
#
# JRE version: Java(TM) SE Runtime Environment (24.0+36) (build 24+36-3646)
# Java VM: Java HotSpot(TM) 64-Bit Server VM (24+36-3646, mixed mode, sharing, tiered, compressed oops, compressed class ptrs, g1 gc, windows-amd64)
# Problematic frame:
# C  [awt.dll+0xdb661]
#
# No core dump will be written. Minidumps are not enabled by default on client versions of Windows
#
# If you would like to submit a bug report, please visit:
#   https://bugreport.java.com/bugreport/crash.jsp
# The crash happened outside the Java Virtual Machine in native code.
# See problematic frame for where to report the bug.
#

---------------  S U M M A R Y ------------

Command Line: --add-modules=ALL-DEFAULT jdk.compiler/com.sun.tools.javac.launcher.SourceLauncher .\Part2\guiMain.java

Host: Intel(R) Core(TM) i7-10750H CPU @ 2.60GHz, 12 cores, 15G,  Windows 11 , 64 bit Build 26100 (10.0.26100.3775)
Time: Sun Apr 27 21:50:17 2025 GMT Summer Time elapsed time: 5.124963 seconds (0d 0h 0m 5s)

---------------  T H R E A D  ---------------

Current thread (0x000001af74b81c70):  JavaThread "AWT-Windows" daemon [_thread_in_native, id=17596, stack(0x0000000929400000,0x0000000929500000) (1024K)]

Stack: [0x0000000929400000,0x0000000929500000],  sp=0x00000009294fed70,  free space=1019k
Native frames: (J=compiled Java code, j=interpreted, Vv=VM code, C=native code)
C  [awt.dll+0xdb661]  (no source info available)
C  [awt.dll+0x975ac]  (no source info available)
C  [awt.dll+0x97656]  (no source info available)
C  [awt.dll+0x94a26]  (no source info available)
C  [awt.dll+0xdfa4c]  (no source info available)
C  [awt.dll+0xb0a7d]  (no source info available)
C  [awt.dll+0x97b8d]  (no source info available)
C  [USER32.dll+0xb643]  (no source info available)
C  [USER32.dll+0xaf5c]  (no source info available)
C  [awt.dll+0x161c3]  (no source info available)
C  [COMCTL32.dll+0x24d18]  (no source info available)
C  [COMCTL32.dll+0x24aef]  (no source info available)
C  [USER32.dll+0xb643]  (no source info available)
C  [USER32.dll+0x91cd]  (no source info available)
C  [awt.dll+0xd4cae]  (no source info available)
C  [awt.dll+0xd6aa2]  (no source info available)
C  0x000001af1e1ace20  (no source info available)

The last pc belongs to native method entry point (kind = native) (printed below).
Java frames: (J=compiled Java code, j=interpreted, Vv=VM code)
j  sun.awt.windows.WToolkit.eventLoop()V+0 java.desktop@24
j  sun.awt.windows.WToolkit.run()V+56 java.desktop@24
j  java.lang.Thread.runWith(Ljava/lang/Object;Ljava/lang/Runnable;)V+5 java.base@24
j  java.lang.Thread.run()V+19 java.base@24
v  ~StubRoutines::call_stub 0x000001af1e1a0fcd

siginfo: EXCEPTION_ACCESS_VIOLATION (0xc0000005), reading address 0xffffffffffffffff


Registers:
RAX=0x0001760234000000, RBX=0x000001af75b51d00, RCX=0x0000000000000000, RDX=0x0000000000000000
RSP=0x00000009294fed70, RBP=0x00000009294fee79, RSI=0x00000000160100b0, RDI=0x0000000000000000
R8 =0x0000000000000001, R9 =0x00000009272b0000, R10=0x0000000000000000, R11=0x0000000000000246
R12=0x0000000000000000, R13=0x0000000000000310, R14=0x0000000000000000, R15=0x0000000000000000
RIP=0x00007ffd50cab661, EFLAGS=0x0000000000010246

XMM[0]=0x0000000000000000 0x0000000000000000
XMM[1]=0x0000000000000000 0x0000000000000000
XMM[2]=0x0000000000000000 0x0000000000000000
XMM[3]=0x0000000000000000 0x0000000000000000
XMM[4]=0x0000000000000000 0x0000000000000000
XMM[5]=0x0000000000000000 0x0000000000000000
XMM[6]=0x0000000000000000 0x0000000000000000
XMM[7]=0x0000000000000000 0x0000000000000000
XMM[8]=0x0000000000000000 0x0000000000000000
XMM[9]=0x0000000000000000 0x0000000000000000
XMM[10]=0x0000000000000000 0x0000000000000000
XMM[11]=0x0000000000000000 0x0000000000000000
XMM[12]=0x0000000000000000 0x0000000000000000
XMM[13]=0x0000000000000000 0x0000000000000000
XMM[14]=0x0000000000000000 0x0000000000000000
XMM[15]=0x0000000000000000 0x0000000000000000
  MXCSR=0x00001fa0


Register to memory mapping:

RAX=0x0001760234000000 is an unknown value
RBX=0x000001af75b51d00 points into unknown readable memory: 0x000001af7503bd20 | 20 bd 03 75 af 01 00 00
RCX=0x0 is null
RDX=0x0 is null
RSP=0x00000009294fed70 is pointing into the stack for thread: 0x000001af74b81c70
RBP=0x00000009294fee79 is pointing into the stack for thread: 0x000001af74b81c70
RSI=0x00000000160100b0 is an unknown value
RDI=0x0 is null
R8 =0x0000000000000001 is an unknown value
R9 =0x00000009272b0000 points into unknown readable memory: 0x0000000000000000 | 00 00 00 00 00 00 00 00
R10=0x0 is null
R11=0x0000000000000246 is an unknown value
R12=0x0 is null
R13=0x0000000000000310 is an unknown value
R14=0x0 is null
R15=0x0 is null

Top of Stack: (sp=0x00000009294fed70)
0x00000009294fed70:   00007ffd50d07838 00000000160100b0   8x.P............
0x00000009294fed80:   0000000000000000 0000000000000000   ................
0x00000009294fed90:   0000000000000000 00007ffd50c675ac   .........u.P....
0x00000009294feda0:   00000000160100b0 000001af74997f70   ........p..t....
0x00000009294fedb0:   000001af75b51d00 00000009294ff0e8   ...u......O)....
0x00000009294fedc0:   0000000000000000 00007ffd50c67656   ........Vv.P....
0x00000009294fedd0:   000001af74997f70 00007ffd50bd0000   p..t.......P....
0x00000009294fede0:   00000009294feed8 00007ffd4e654d18   ..O).....MeN....
0x00000009294fedf0:   0000000000000000 00007ffd50c64a26   ........&J.P....
0x00000009294fee00:   000001af74997f70 0000000000000000   p..t............
0x00000009294fee10:   00007ffd50c67b30 00007ffd5dffa05e   0{.P....^..]....
0x00000009294fee20:   00000009294fefd0 00007ffd5cf127a9   ..O).....'.\....
0x00000009294fee30:   00000009294feed0 0000000000000001   ..O)............
0x00000009294fee40:   0000000000000000 00000009294feed8   ..........O)....
0x00000009294fee50:   0000000000000000 0000000000000000   ................
0x00000009294fee60:   0000000000000000 000001af74b82038   ........8 .t....
0x00000009294fee70:   000001af74998010 0000000000000000   ...t............
0x00000009294fee80:   0000000000000000 000019ed7b39a9a2   ..........9{....
0x00000009294fee90:   0000000000000000 0000000000000000   ................
0x00000009294feea0:   0000000000000000 0000000000000000   ................
0x00000009294feeb0:   0000000000000000 0000000000000310   ................
0x00000009294feec0:   0000000000000000 000001af74997f70   ........p..t....
0x00000009294feed0:   000001af74997f70 00007ffd50cafa4c   p..t....L..P....
0x00000009294feee0:   0000000000000000 000041d021818509   ...........!.A..
0x00000009294feef0:   000044589e7b5f39 000000000000c224   9_{.XD..$.......
0x00000009294fef00:   0000000000000001 0000000000000022   ........".......
0x00000009294fef10:   0000000000000000 00007ffd5cedb706   ...........\....
0x00000009294fef20:   0000000000000022 000000000002006a   ".......j.......
0x00000009294fef30:   000000000000c224 00007ffd5dfd909f   $..........]....
0x00000009294fef40:   000000000002006a 00007ffd5cef88ea   j..........\....
0x00000009294fef50:   ffffffffffffffeb 000019ed7b39a942   ........B.9{....
0x00000009294fef60:   000001af0c6ef580 0000000000000000   ..n.............

Instructions: (pc=0x00007ffd50cab661)
  0x00007ffd50cab561:   83 ec 28 66 0f 6e c2 0f 5b c0 f3 0f 59 41 48 0f
  0x00007ffd50cab571:   5a c8 f2 0f 10 05 fd 35 03 00 f2 0f 5c 0d 85 36
  0x00007ffd50cab581:   01 00 66 0f 2f c1 76 0a b8 00 00 00 80 48 83 c4
  0x00007ffd50cab591:   28 c3 66 0f 2f 0d 05 80 02 00 76 0a b8 ff ff ff
  0x00007ffd50cab5a1:   7f 48 83 c4 28 c3 0f 28 c1 e8 9f fb 00 00 f2 0f
  0x00007ffd50cab5b1:   2c c0 48 83 c4 28 c3 cc cc cc cc cc cc cc cc 48
  0x00007ffd50cab5c1:   83 ec 28 66 0f 6e c2 0f 5b c0 f3 0f 59 41 4c 0f
  0x00007ffd50cab5d1:   5a c8 f2 0f 10 05 9d 35 03 00 f2 0f 5c 0d 25 36
  0x00007ffd50cab5e1:   01 00 66 0f 2f c1 76 0a b8 00 00 00 80 48 83 c4
  0x00007ffd50cab5f1:   28 c3 66 0f 2f 0d a5 7f 02 00 76 0a b8 ff ff ff
  0x00007ffd50cab601:   7f 48 83 c4 28 c3 0f 28 c1 e8 3f fb 00 00 f2 0f
  0x00007ffd50cab611:   2c c0 48 83 c4 28 c3 cc cc cc cc cc cc cc cc 48
  0x00007ffd50cab621:   8b 49 08 48 85 c9 0f 85 93 81 fe ff 33 c0 c3 48
  0x00007ffd50cab631:   89 5c 24 08 48 89 74 24 10 57 48 83 ec 20 8b fa
  0x00007ffd50cab641:   48 8b f1 e8 57 c6 f4 ff 48 8b d8 48 89 44 24 40
  0x00007ffd50cab651:   41 b8 01 00 00 00 8b d7 48 8b c8 e8 bf c5 f4 ff
=>0x00007ffd50cab661:   48 8b 48 08 48 85 c9 74 0d 48 8b d6 e8 4e 81 fe
  0x00007ffd50cab671:   ff 48 8b f8 eb 02 33 ff 48 8b cb e8 df c7 f4 ff
  0x00007ffd50cab681:   90 48 8b c7 48 8b 5c 24 30 48 8b 74 24 38 48 83
  0x00007ffd50cab691:   c4 20 5f c3 cc cc cc cc cc cc cc cc cc cc cc 48
  0x00007ffd50cab6a1:   8b 01 89 10 c3 cc cc cc cc cc cc cc cc cc cc 40
  0x00007ffd50cab6b1:   57 48 83 ec 40 48 83 79 38 00 48 8b f9 0f 84 96
  0x00007ffd50cab6c1:   01 00 00 48 8b 0d 25 87 06 00 ba 02 00 01 00 48
  0x00007ffd50cab6d1:   89 5c 24 58 48 89 74 24 68 e8 50 c5 00 00 4c 8b
  0x00007ffd50cab6e1:   05 52 8c 06 00 48 8b c8 48 8b 57 38 48 8b d8 4c
  0x00007ffd50cab6f1:   8b 08 41 ff 91 f8 02 00 00 48 8b f0 48 85 c0 0f
  0x00007ffd50cab701:   84 4a 01 00 00 4c 8b 0b 48 8b d0 4c 8b 05 15 8c
  0x00007ffd50cab711:   06 00 48 8b cb 41 ff 91 00 01 00 00 84 c0 0f 84
  0x00007ffd50cab721:   2b 01 00 00 48 8b 7f 08 48 8b d6 48 8b 03 48 8b
  0x00007ffd50cab731:   cb 4c 8b 05 07 8c 06 00 48 81 c7 00 04 00 00 48
  0x00007ffd50cab741:   89 6c 24 60 4c 89 64 24 38 ff 90 f8 02 00 00 4c
  0x00007ffd50cab751:   8b 0b 48 8b d6 4c 8b 05 eb 8b 06 00 48 8b cb 4c


Stack slot to memory mapping:

stack at sp + 0 slots: 0x00007ffd50d07838 awt.dll
stack at sp + 1 slots: 0x00000000160100b0 is an unknown value
stack at sp + 2 slots: 0x0 is null
stack at sp + 3 slots: 0x0 is null
stack at sp + 4 slots: 0x0 is null
stack at sp + 5 slots: 0x00007ffd50c675ac awt.dll
stack at sp + 6 slots: 0x00000000160100b0 is an unknown value
stack at sp + 7 slots: 0x000001af74997f70 points into unknown readable memory: 0x00007ffd50cda860 | 60 a8 cd 50 fd 7f 00 00

Lock stack of current Java thread (top to bottom):

native method entry point (kind = native)  [0x000001af1e1aca40, 0x000001af1e1ad478]  2616 bytes
[MachCode]
  0x000001af1e1aca40: 488b 4b08 | 0fb7 492e | 584c 8d74 | ccf8 6800 | 0000 0068 | 0000 0000 | 5055 488b | ec41 5568 
  0x000001af1e1aca60: 0000 0000 | 4c8b 6b08 | 4d8d 6d38 | 5348 8b53 | 0848 8b52 | 0848 8b52 | 1848 8b52 | 7048 8b12 
  0x000001af1e1aca80: 5248 8b53 | 1048 85d2 | 0f84 0700 | 0000 4881 | c208 0100 | 0052 488b | 5308 488b | 5208 488b 
  0x000001af1e1acaa0: 5210 5249 | 8bc6 482b | c548 c1e8 | 0350 6800 | 0000 0068 | f7ff ffff | 41c6 8771 | 0400 0001 
  0x000001af1e1acac0: 488b 4310 | 4885 c074 | 208b 88cc | 0000 0083 | c102 8988 | cc00 0000 | 2388 e000 | 0000 0f84 
  0x000001af1e1acae0: e408 0000 | e9cd 0000 | 0048 8b43 | 1848 85c0 | 0f85 b000 | 0000 e805 | 0000 00e9 | 9900 0000 
  0x000001af1e1acb00: 488b d348 | 8d44 2408 | 4c89 6dc0 | 498b cfc5 | f877 4989 | afb8 0300 | 0049 8987 | a803 0000 
  0x000001af1e1acb20: 4883 ec20 | 40f6 c40f | 0f84 1900 | 0000 4883 | ec08 48b8 | 0031 caa1 | fc7f 0000 | ffd0 4883 
  0x000001af1e1acb40: c408 e90c | 0000 0048 | b800 31ca | a1fc 7f00 | 00ff d048 | 83c4 2049 | c787 a803 | 0000 0000 
  0x000001af1e1acb60: 0000 49c7 | 87b8 0300 | 0000 0000 | 0049 c787 | b003 0000 | 0000 0000 | c5f8 7749 | 837f 0800 
  0x000001af1e1acb80: 0f84 0500 | 0000 e935 | 43ff ff4c | 8b6d c04c | 8b75 c84e | 8d74 f500 | c348 8b43 | 1848 85c0 
  0x000001af1e1acba0: 0f84 1000 | 0000 8b08 | 83c1 0289 | 0823 4814 | 0f84 1208 | 0000 493b | a7f0 0400 | 000f 8748 
  0x000001af1e1acbc0: 0000 0089 | 8424 00f0 | ffff 8984 | 2400 e0ff | ff89 8424 | 00d0 ffff | 8984 2400 | c0ff ff89 
  0x000001af1e1acbe0: 8424 00b0 | ffff 8984 | 2400 a0ff | ff89 8424 | 0090 ffff | 8984 2400 | 80ff ff49 | 3ba7 e804 
  0x000001af1e1acc00: 0000 7607 | 4989 a7f0 | 0400 0041 | c687 7104 | 0000 0048 | 8b5d e84c | 8b5b 0845 | 0fb7 5b2e 
  0x000001af1e1acc20: 41c1 e303 | 492b e348 | 83ec 2048 | 83e4 f04c | 8b5b 604d | 85db 0f85 | ab00 0000 | e805 0000 
  0x000001af1e1acc40: 00e9 9900 | 0000 488b | d348 8d44 | 2408 4c89 | 6dc0 498b | cfc5 f877 | 4989 afb8 | 0300 0049 
  0x000001af1e1acc60: 8987 a803 | 0000 4883 | ec20 40f6 | c40f 0f84 | 1900 0000 | 4883 ec08 | 48b8 405b | caa1 fc7f 
  0x000001af1e1acc80: 0000 ffd0 | 4883 c408 | e90c 0000 | 0048 b840 | 5bca a1fc | 7f00 00ff | d048 83c4 | 2049 c787 
  0x000001af1e1acca0: a803 0000 | 0000 0000 | 49c7 87b8 | 0300 0000 | 0000 0049 | c787 b003 | 0000 0000 | 0000 c5f8 
  0x000001af1e1accc0: 7749 837f | 0800 0f84 | 0500 0000 | e9ef 41ff | ff4c 8b6d | c04c 8b75 | c84e 8d74 | f500 c348 
  0x000001af1e1acce0: 8b5d e84c | 8b5b 6041 | ffd3 488b | 5de8 4889 | 4518 448b | 5b28 41f6 | c308 0f84 | 1b00 0000 
  0x000001af1e1acd00: 4c8b 5b08 | 4d8b 5b08 | 4d8b 5b18 | 4d8b 5b70 | 4d8b 1b4c | 895d 1048 | 8d55 1048 | 8b43 5849 
  0x000001af1e1acd20: bad0 7103 | a2fc 7f00 | 0049 3bc2 | 0f85 ab00 | 0000 e805 | 0000 00e9 | 9900 0000 | 488b d348 
  0x000001af1e1acd40: 8d44 2408 | 4c89 6dc0 | 498b cfc5 | f877 4989 | afb8 0300 | 0049 8987 | a803 0000 | 4883 ec20 
  0x000001af1e1acd60: 40f6 c40f | 0f84 1900 | 0000 4883 | ec08 48b8 | 405b caa1 | fc7f 0000 | ffd0 4883 | c408 e90c 
  0x000001af1e1acd80: 0000 0048 | b840 5bca | a1fc 7f00 | 00ff d048 | 83c4 2049 | c787 a803 | 0000 0000 | 0000 49c7 
  0x000001af1e1acda0: 87b8 0300 | 0000 0000 | 0049 c787 | b003 0000 | 0000 0000 | c5f8 7749 | 837f 0800 | 0f84 0500 
  0x000001af1e1acdc0: 0000 e9f9 | 40ff ff4c | 8b6d c04c | 8b75 c84e | 8d74 f500 | c348 8b5d | e848 8b43 | 5849 8d8f 
  0x000001af1e1acde0: c803 0000 | 4c8d 15d5 | 0000 004d | 8997 b003 | 0000 c5f8 | 7749 89af | b803 0000 | 4989 a7a8 
  0x000001af1e1ace00: 0300 0041 | c787 5404 | 0000 0400 | 0000 493b | a748 0500 | 0076 0749 | 89a7 4805 | 0000 ffd0 
  0x000001af1e1ace20: 493b a748 | 0500 0072 | 0b49 c787 | 4805 0000 | 0000 0000 | c5f8 7748 | 83ec 10c5 | fb11 0424 
  0x000001af1e1ace40: 4883 ec10 | 4889 0424 | 48c7 4424 | 0800 0000 | 0041 c787 | 5404 0000 | 0500 0000 | f083 4424 
  0x000001af1e1ace60: c000 493b | 6f28 0f87 | 0e00 0000 | 4183 bf50 | 0400 0000 | 0f84 2000 | 0000 498b | cf4c 8be4 
  0x000001af1e1ace80: 4883 ec20 | 4883 e4f0 | 48b8 c0ba | cba1 fc7f | 0000 ffd0 | 498b e44d | 33e4 41c7 | 8754 0400 
  0x000001af1e1acea0: 0008 0000 | 004d 8b97 | 7005 0000 | 4983 fa00 | 7435 49c7 | 8770 0500 | 0000 0000 | 0041 ffe2 
  0x000001af1e1acec0: 49ba 00bb | 1a1e af01 | 0000 41ff | d248 83ec | 10c5 fb11 | 0424 4883 | ec10 4889 | 0424 48c7 
  0x000001af1e1acee0: 4424 0800 | 0000 0049 | c787 a803 | 0000 0000 | 0000 49c7 | 87b8 0300 | 0000 0000 | 0049 c787 
  0x000001af1e1acf00: b003 0000 | 0000 0000 | c5f8 774d | 8b9f 3804 | 0000 41c7 | 8300 0100 | 0000 0000 | 0049 bb3a 
  0x000001af1e1acf20: a41a 1eaf | 0100 004c | 3b5d 180f | 8555 0100 | 0048 8b04 | 2448 83c4 | 1048 85c0 | 0f84 2f01 
  0x000001af1e1acf40: 0000 a803 | 0f85 0800 | 0000 488b | 00e9 1f01 | 0000 a801 | 0f85 0900 | 0000 488b | 40fe e90e 
  0x000001af1e1acf60: 0100 0048 | 8b40 ff41 | 807f 4800 | 0f84 ff00 | 0000 4883 | f800 0f84 | f500 0000 | 4d8b 5f38 
  0x000001af1e1acf80: 4d85 db0f | 8414 0000 | 0049 83eb | 084d 895f | 384d 035f | 4049 8903 | e9d4 0000 | 0048 83ec 
  0x000001af1e1acfa0: 7048 8904 | 2448 894c | 2408 4889 | 5424 104c | 8944 2418 | 4c89 4c24 | 204c 8954 | 2428 4c89 
  0x000001af1e1acfc0: 5c24 30c5 | fb11 4424 | 40c5 fb11 | 4c24 48c5 | fb11 5424 | 50c5 fb11 | 5c24 58c5 | fb11 6424 
  0x000001af1e1acfe0: 60c5 fb11 | 6c24 6849 | 8bd7 488b | c848 83ec | 2040 f6c4 | 0f0f 8419 | 0000 0048 | 83ec 0848 
  0x000001af1e1ad000: b830 4abe | a1fc 7f00 | 00ff d048 | 83c4 08e9 | 0c00 0000 | 48b8 304a | bea1 fc7f | 0000 ffd0 
  0x000001af1e1ad020: 4883 c420 | c5fb 106c | 2468 c5fb | 1064 2460 | c5fb 105c | 2458 c5fb | 1054 2450 | c5fb 104c 
  0x000001af1e1ad040: 2448 c5fb | 1044 2440 | 4c8b 5c24 | 304c 8b54 | 2428 4c8b | 4c24 204c | 8b44 2418 | 488b 5424 
  0x000001af1e1ad060: 1048 8b4c | 2408 488b | 0424 4883 | c470 c5f8 | 7748 8945 | 1048 83ec | 1048 8904 | 2448 c744 
  0x000001af1e1ad080: 2408 0000 | 0000 4183 | bfd0 0400 | 0002 0f85 | bf00 0000 | 4881 ec80 | 0000 0048 | 8944 2478 
  0x000001af1e1ad0a0: 4889 4c24 | 7048 8954 | 2468 4889 | 5c24 6048 | 896c 2450 | 4889 7424 | 4848 897c | 2440 4c89 
  0x000001af1e1ad0c0: 4424 384c | 894c 2430 | 4c89 5424 | 284c 895c | 2420 4c89 | 6424 184c | 896c 2410 | 4c89 7424 
  0x000001af1e1ad0e0: 084c 893c | 244c 8be4 | 4883 ec20 | 4883 e4f0 | 48b8 6058 | 03a2 fc7f | 0000 ffd0 | 498b e44c 
  0x000001af1e1ad100: 8b3c 244c | 8b74 2408 | 4c8b 6c24 | 104c 8b64 | 2418 4c8b | 5c24 204c | 8b54 2428 | 4c8b 4c24 
  0x000001af1e1ad120: 304c 8b44 | 2438 488b | 7c24 4048 | 8b74 2448 | 488b 6c24 | 5048 8b5c | 2460 488b | 5424 6848 
  0x000001af1e1ad140: 8b4c 2470 | 488b 4424 | 7848 81c4 | 8000 0000 | 4d33 e448 | 8b5d e84c | 8b6b 084d | 8d6d 3849 
  0x000001af1e1ad160: 837f 0800 | 0f84 bb00 | 0000 e805 | 0000 00e9 | 9600 0000 | 488d 4424 | 084c 896d | c049 8bcf 
  0x000001af1e1ad180: c5f8 7749 | 89af b803 | 0000 4989 | 87a8 0300 | 0048 83ec | 2040 f6c4 | 0f0f 8419 | 0000 0048 
  0x000001af1e1ad1a0: 83ec 0848 | b8e0 79ca | a1fc 7f00 | 00ff d048 | 83c4 08e9 | 0c00 0000 | 48b8 e079 | caa1 fc7f 
  0x000001af1e1ad1c0: 0000 ffd0 | 4883 c420 | 49c7 87a8 | 0300 0000 | 0000 0049 | c787 b803 | 0000 0000 | 0000 49c7 
  0x000001af1e1ad1e0: 87b0 0300 | 0000 0000 | 00c5 f877 | 4983 7f08 | 000f 8405 | 0000 00e9 | c43c ffff | 4c8b 6dc0 
  0x000001af1e1ad200: 4c8b 75c8 | 4e8d 74f5 | 00c3 48b9 | f8eb 29a2 | fc7f 0000 | 4883 e4f0 | 48b8 b0a9 | f0a1 fc7f 
  0x000001af1e1ad220: 0000 ffd0 | f444 8b5b | 2841 f6c3 | 200f 8472 | 0100 0048 | 8d55 a84c | 8b5a 084d | 85db 0f85 
  0x000001af1e1ad240: bb00 0000 | e805 0000 | 00e9 9600 | 0000 488d | 4424 084c | 896d c049 | 8bcf c5f8 | 7749 89af 
  0x000001af1e1ad260: b803 0000 | 4989 87a8 | 0300 0048 | 83ec 2040 | f6c4 0f0f | 8419 0000 | 0048 83ec | 0848 b810 
  0x000001af1e1ad280: 79ca a1fc | 7f00 00ff | d048 83c4 | 08e9 0c00 | 0000 48b8 | 1079 caa1 | fc7f 0000 | ffd0 4883 
  0x000001af1e1ad2a0: c420 49c7 | 87a8 0300 | 0000 0000 | 0049 c787 | b803 0000 | 0000 0000 | 49c7 87b0 | 0300 0000 
  0x000001af1e1ad2c0: 0000 00c5 | f877 4983 | 7f08 000f | 8405 0000 | 00e9 ea3b | ffff 4c8b | 6dc0 4c8b | 75c8 4e8d 
  0x000001af1e1ad2e0: 74f5 00c3 | 48b9 f8eb | 29a2 fc7f | 0000 4883 | e4f0 48b8 | b0a9 f0a1 | fc7f 0000 | ffd0 f44c 
  0x000001af1e1ad300: 896d c04c | 8b4a 0848 | c742 0800 | 0000 0045 | 8b87 5806 | 0000 4f3b | 4c07 f80f | 8542 0000 
  0x000001af1e1ad320: 0041 83af | 5806 0000 | 084f 3b4c | 07f0 0f84 | 2a00 0000 | 498b 01a8 | 020f 8512 | 0000 004c 
  0x000001af1e1ad340: 8bc0 4983 | c801 f04d | 0fb1 010f | 840d 0000 | 0041 8387 | 5806 0000 | 08e9 0500 | 0000 e93e 
  0x000001af1e1ad360: 0000 004c | 894a 0848 | 8bca 4883 | ec20 40f6 | c40f 0f84 | 1900 0000 | 4883 ec08 | 48b8 304b 
  0x000001af1e1ad380: caa1 fc7f | 0000 ffd0 | 4883 c408 | e90c 0000 | 0048 b830 | 4bca a1fc | 7f00 00ff | d048 83c4 
  0x000001af1e1ad3a0: 204c 8b6d | c048 8b04 | 2448 83c4 | 10c5 fb10 | 0424 4883 | c410 4c8b | 5d18 41ff | d34c 8b5d 
  0x000001af1e1ad3c0: f8c9 5f49 | 8be3 ffe7 | ba00 0000 | 00e8 0500 | 0000 e996 | 0000 0048 | 8d44 2408 | 4c89 6dc0 
  0x000001af1e1ad3e0: 498b cfc5 | f877 4989 | afb8 0300 | 0049 8987 | a803 0000 | 4883 ec20 | 40f6 c40f | 0f84 1900 
  0x000001af1e1ad400: 0000 4883 | ec08 48b8 | d03f caa1 | fc7f 0000 | ffd0 4883 | c408 e90c | 0000 0048 | b8d0 3fca 
  0x000001af1e1ad420: a1fc 7f00 | 00ff d048 | 83c4 2049 | c787 a803 | 0000 0000 | 0000 49c7 | 87b8 0300 | 0000 0000 
  0x000001af1e1ad440: 0049 c787 | b003 0000 | 0000 0000 | c5f8 7749 | 837f 0800 | 0f84 0500 | 0000 e961 | 3aff ff4c 
  0x000001af1e1ad460: 8b6d c04c | 8b75 c84e | 8d74 f500 | c348 8b5d | e8e9 40f7 | ffff 6690 
[/MachCode]

---------------  P R O C E S S  ---------------

Threads class SMR info:
_java_thread_list=0x000001af741d7260, length=16, elements={
0x000001af2d3f0310, 0x000001af2d3f2c60, 0x000001af2d3f5b00, 0x000001af2d3f69c0,
0x000001af2d3f7840, 0x000001af2d3f9380, 0x000001af2d3fa7f0, 0x000001af730205d0,
0x000001af730ccfd0, 0x000001af7324ff60, 0x000001af73abf5c0, 0x000001af74b809e0,
0x000001af74b81120, 0x000001af74b81c70, 0x000001af75b5bf70, 0x000001af0c07d590
}

Java Threads: ( => current thread )
  0x000001af2d3f0310 JavaThread "Reference Handler"          daemon [_thread_blocked, id=17936, stack(0x0000000928000000,0x0000000928100000) (1024K)]
  0x000001af2d3f2c60 JavaThread "Finalizer"                  daemon [_thread_blocked, id=13072, stack(0x0000000928100000,0x0000000928200000) (1024K)]
  0x000001af2d3f5b00 JavaThread "Signal Dispatcher"          daemon [_thread_blocked, id=14244, stack(0x0000000928200000,0x0000000928300000) (1024K)]
  0x000001af2d3f69c0 JavaThread "Attach Listener"            daemon [_thread_blocked, id=15608, stack(0x0000000928300000,0x0000000928400000) (1024K)]
  0x000001af2d3f7840 JavaThread "Service Thread"             daemon [_thread_blocked, id=23076, stack(0x0000000928400000,0x0000000928500000) (1024K)]
  0x000001af2d3f9380 JavaThread "Monitor Deflation Thread"   daemon [_thread_blocked, id=22220, stack(0x0000000928500000,0x0000000928600000) (1024K)]
  0x000001af2d3fa7f0 JavaThread "C2 CompilerThread0"         daemon [_thread_blocked, id=17392, stack(0x0000000928600000,0x0000000928700000) (1024K)]
  0x000001af730205d0 JavaThread "C1 CompilerThread0"         daemon [_thread_blocked, id=3052, stack(0x0000000928700000,0x0000000928800000) (1024K)]
  0x000001af730ccfd0 JavaThread "Common-Cleaner"             daemon [_thread_blocked, id=21300, stack(0x0000000928800000,0x0000000928900000) (1024K)]
  0x000001af7324ff60 JavaThread "Notification Thread"        daemon [_thread_blocked, id=17568, stack(0x0000000928900000,0x0000000928a00000) (1024K)]
  0x000001af73abf5c0 JavaThread "C2 CompilerThread1"         daemon [_thread_blocked, id=9032, stack(0x0000000928a00000,0x0000000928b00000) (1024K)]
  0x000001af74b809e0 JavaThread "Java2D Disposer"            daemon [_thread_blocked, id=11792, stack(0x0000000929200000,0x0000000929300000) (1024K)]
  0x000001af74b81120 JavaThread "AWT-Shutdown"                      [_thread_blocked, id=23276, stack(0x0000000929300000,0x0000000929400000) (1024K)]
=>0x000001af74b81c70 JavaThread "AWT-Windows"                daemon [_thread_in_native, id=17596, stack(0x0000000929400000,0x0000000929500000) (1024K)]
  0x000001af75b5bf70 JavaThread "AWT-EventQueue-0"                  [_thread_in_native, id=16272, stack(0x0000000929500000,0x0000000929600000) (1024K)]
  0x000001af0c07d590 JavaThread "DestroyJavaVM"                     [_thread_blocked, id=20360, stack(0x0000000927800000,0x0000000927900000) (1024K)]
Total: 16

Other Threads:
  0x000001af2d3e05f0 VMThread "VM Thread"                           [id=22812, stack(0x0000000927f00000,0x0000000928000000) (1024K)]
  0x000001af2d3ce2e0 WatcherThread "VM Periodic Task Thread"        [id=21744, stack(0x0000000927e00000,0x0000000927f00000) (1024K)]
  0x000001af0e430680 WorkerThread "GC Thread#0"                     [id=14748, stack(0x0000000927900000,0x0000000927a00000) (1024K)]
  0x000001af746d5af0 WorkerThread "GC Thread#1"                     [id=11280, stack(0x0000000928c00000,0x0000000928d00000) (1024K)]
  0x000001af74a918e0 WorkerThread "GC Thread#2"                     [id=17136, stack(0x0000000928d00000,0x0000000928e00000) (1024K)]
  0x000001af74a91c90 WorkerThread "GC Thread#3"                     [id=9832, stack(0x0000000928e00000,0x0000000928f00000) (1024K)]
  0x000001af74a8e9a0 WorkerThread "GC Thread#4"                     [id=21448, stack(0x0000000928f00000,0x0000000929000000) (1024K)]
  0x000001af74a8ed50 WorkerThread "GC Thread#5"                     [id=20124, stack(0x0000000929000000,0x0000000929100000) (1024K)]
  0x000001af75942410 WorkerThread "GC Thread#6"                     [id=3704, stack(0x0000000929100000,0x0000000929200000) (1024K)]
  0x000001af75942b70 WorkerThread "GC Thread#7"                     [id=17488, stack(0x0000000929900000,0x0000000929a00000) (1024K)]
  0x000001af75942f20 WorkerThread "GC Thread#8"                     [id=19200, stack(0x0000000929a00000,0x0000000929b00000) (1024K)]
  0x000001af746c1680 WorkerThread "GC Thread#9"                     [id=23360, stack(0x0000000929b00000,0x0000000929c00000) (1024K)]
  0x000001af0e480010 ConcurrentGCThread "G1 Main Marker"            [id=10208, stack(0x0000000927a00000,0x0000000927b00000) (1024K)]
  0x000001af0e4812c0 WorkerThread "G1 Conc#0"                       [id=23796, stack(0x0000000927b00000,0x0000000927c00000) (1024K)]
  0x000001af746c12d0 WorkerThread "G1 Conc#1"                       [id=23032, stack(0x0000000929c00000,0x0000000929d00000) (1024K)]
  0x000001af746c3050 WorkerThread "G1 Conc#2"                       [id=17384, stack(0x0000000929d00000,0x0000000929e00000) (1024K)]
  0x000001af2d289a40 ConcurrentGCThread "G1 Refine#0"               [id=1396, stack(0x0000000927c00000,0x0000000927d00000) (1024K)]
  0x000001af2d28b470 ConcurrentGCThread "G1 Service"                [id=16920, stack(0x0000000927d00000,0x0000000927e00000) (1024K)]
Total: 18

Threads with active compile tasks:
Total: 0

VM state: not at safepoint (normal execution)

VM Mutex/Monitor currently owned by a thread: None

Heap address: 0x0000000702a00000, size: 4054 MB, Compressed Oops mode: Zero based, Oop shift amount: 3

CDS archive(s) mapped at: [0x000001af2e000000-0x000001af2ed40000-0x000001af2ed40000), size 13893632, SharedBaseAddress: 0x000001af2e000000, ArchiveRelocationMode: 1.
Compressed class space mapped at: 0x000001af2f000000-0x000001af6f000000, reserved size: 1073741824
UseCompressedClassPointers 1, UseCompactObjectHeaders 0
Narrow klass pointer bits 32, Max shift 3
Narrow klass base: 0x000001af2e000000, Narrow klass shift: 0
Encoding Range: [0x000001af2e000000 - 0x000001b02e000000), (4294967296 bytes)
Klass Range:    [0x000001af2e000000 - 0x000001af6f000000), (1090519040 bytes)
Klass ID Range:  [8 - 1090519033) (1090519025)

GC Precious Log:
 CardTable entry size: 512
 Card Set container configuration: InlinePtr #cards 4 size 8 Array Of Cards #cards 16 size 48 Howl #buckets 8 coarsen threshold 3686 Howl Bitmap #cards 512 size 80 coarsen threshold 460 Card regions per heap region 1 cards per card region 4096
 CPUs: 12 total, 12 available
 Memory: 16215M
 Large Page Support: Disabled
 NUMA Support: Disabled
 Compressed Oops: Enabled (Zero based)
 Heap Region Size: 2M
 Heap Min Capacity: 8M
 Heap Initial Capacity: 254M
 Heap Max Capacity: 4054M
 Pre-touch: Disabled
 Parallel Workers: 10
 Concurrent Workers: 3
 Concurrent Refinement Workers: 10
 Periodic GC: Disabled

Heap:
 garbage-first heap   total reserved 4151296K, committed 69632K, used 17524K [0x0000000702a00000, 0x0000000800000000)
  region size 2048K, 6 young (12288K), 5 survivors (10240K)
 Metaspace       used 21300K, committed 21696K, reserved 1114112K
  class space    used 2061K, committed 2240K, reserved 1048576K

Heap Regions: E=young(eden), S=young(survivor), O=old, HS=humongous(starts), HC=humongous(continues), CS=collection set, F=free, TAMS=top-at-mark-start, PB=parsable bottom
|   0|0x0000000702a00000, 0x0000000702c00000, 0x0000000702c00000|100%| O|  |TAMS 0x0000000702a00000| PB 0x0000000702a00000| Untracked |  0
|   1|0x0000000702c00000, 0x0000000702c27fc0, 0x0000000702e00000|  7%| O|  |TAMS 0x0000000702c00000| PB 0x0000000702c00000| Untracked |  0
|   2|0x0000000702e00000, 0x0000000703000000, 0x0000000703000000|100%|HS|  |TAMS 0x0000000702e00000| PB 0x0000000702e00000| Complete |  0
|   3|0x0000000703000000, 0x0000000703200000, 0x0000000703200000|100%|HC|  |TAMS 0x0000000703000000| PB 0x0000000703000000| Complete |  0
|   4|0x0000000703200000, 0x0000000703200000, 0x0000000703400000|  0%| F|  |TAMS 0x0000000703200000| PB 0x0000000703200000| Untracked |  0
|   5|0x0000000703400000, 0x0000000703400000, 0x0000000703600000|  0%| F|  |TAMS 0x0000000703400000| PB 0x0000000703400000| Untracked |  0
|   6|0x0000000703600000, 0x0000000703600000, 0x0000000703800000|  0%| F|  |TAMS 0x0000000703600000| PB 0x0000000703600000| Untracked |  0
|   7|0x0000000703800000, 0x0000000703800000, 0x0000000703a00000|  0%| F|  |TAMS 0x0000000703800000| PB 0x0000000703800000| Untracked |  0
|   8|0x0000000703a00000, 0x0000000703a00000, 0x0000000703c00000|  0%| F|  |TAMS 0x0000000703a00000| PB 0x0000000703a00000| Untracked |  0
|   9|0x0000000703c00000, 0x0000000703c00000, 0x0000000703e00000|  0%| F|  |TAMS 0x0000000703c00000| PB 0x0000000703c00000| Untracked |  0
|  10|0x0000000703e00000, 0x0000000703e00000, 0x0000000704000000|  0%| F|  |TAMS 0x0000000703e00000| PB 0x0000000703e00000| Untracked |  0
|  11|0x0000000704000000, 0x0000000704000000, 0x0000000704200000|  0%| F|  |TAMS 0x0000000704000000| PB 0x0000000704000000| Untracked |  0
|  12|0x0000000704200000, 0x0000000704200000, 0x0000000704400000|  0%| F|  |TAMS 0x0000000704200000| PB 0x0000000704200000| Untracked |  0
|  13|0x0000000704400000, 0x0000000704400000, 0x0000000704600000|  0%| F|  |TAMS 0x0000000704400000| PB 0x0000000704400000| Untracked |  0
|  14|0x0000000704600000, 0x0000000704600000, 0x0000000704800000|  0%| F|  |TAMS 0x0000000704600000| PB 0x0000000704600000| Untracked |  0
|  15|0x0000000704800000, 0x0000000704800000, 0x0000000704a00000|  0%| F|  |TAMS 0x0000000704800000| PB 0x0000000704800000| Untracked |  0
|  16|0x0000000704a00000, 0x0000000704a00000, 0x0000000704c00000|  0%| F|  |TAMS 0x0000000704a00000| PB 0x0000000704a00000| Untracked |  0
|  17|0x0000000704c00000, 0x0000000704c00000, 0x0000000704e00000|  0%| F|  |TAMS 0x0000000704c00000| PB 0x0000000704c00000| Untracked |  0
|  18|0x0000000704e00000, 0x0000000704e00000, 0x0000000705000000|  0%| F|  |TAMS 0x0000000704e00000| PB 0x0000000704e00000| Untracked |  0
|  19|0x0000000705000000, 0x0000000705000000, 0x0000000705200000|  0%| F|  |TAMS 0x0000000705000000| PB 0x0000000705000000| Untracked |  0
|  20|0x0000000705200000, 0x0000000705200000, 0x0000000705400000|  0%| F|  |TAMS 0x0000000705200000| PB 0x0000000705200000| Untracked |  0
|  21|0x0000000705400000, 0x0000000705400000, 0x0000000705600000|  0%| F|  |TAMS 0x0000000705400000| PB 0x0000000705400000| Untracked |  0
|  22|0x0000000705600000, 0x0000000705600000, 0x0000000705800000|  0%| F|  |TAMS 0x0000000705600000| PB 0x0000000705600000| Untracked |  0
|  23|0x0000000705800000, 0x0000000705800000, 0x0000000705a00000|  0%| F|  |TAMS 0x0000000705800000| PB 0x0000000705800000| Untracked |  0
|  24|0x0000000705a00000, 0x0000000705a00000, 0x0000000705c00000|  0%| F|  |TAMS 0x0000000705a00000| PB 0x0000000705a00000| Untracked |  0
|  25|0x0000000705c00000, 0x0000000705c00000, 0x0000000705e00000|  0%| F|  |TAMS 0x0000000705c00000| PB 0x0000000705c00000| Untracked |  0
|  26|0x0000000705e00000, 0x0000000705e00000, 0x0000000706000000|  0%| F|  |TAMS 0x0000000705e00000| PB 0x0000000705e00000| Untracked |  0
|  90|0x000000070de00000, 0x000000070dfd7db8, 0x000000070e000000| 92%| S|CS|TAMS 0x000000070de00000| PB 0x000000070de00000| Complete |  0
|  91|0x000000070e000000, 0x000000070e200000, 0x000000070e200000|100%| S|CS|TAMS 0x000000070e000000| PB 0x000000070e000000| Complete |  0
|  92|0x000000070e200000, 0x000000070e400000, 0x000000070e400000|100%| S|CS|TAMS 0x000000070e200000| PB 0x000000070e200000| Complete |  0
|  93|0x000000070e400000, 0x000000070e600000, 0x000000070e600000|100%| S|CS|TAMS 0x000000070e400000| PB 0x000000070e400000| Complete |  0
|  94|0x000000070e600000, 0x000000070e800000, 0x000000070e800000|100%| S|CS|TAMS 0x000000070e600000| PB 0x000000070e600000| Complete |  0
| 126|0x0000000712600000, 0x00000007127aa2b0, 0x0000000712800000| 83%| E|  |TAMS 0x0000000712600000| PB 0x0000000712600000| Complete |  0
|2026|0x00000007ffe00000, 0x00000007fff1d3c0, 0x0000000800000000| 55%| O|Cm|TAMS 0x00000007ffe00000| PB 0x00000007ffe00000| Complete |  0

Card table byte_map: [0x000001af269b0000,0x000001af271a0000] _byte_map_base: 0x000001af2319b000

Marking Bits: (CMBitMap*) 0x000001af0e430d90
 Bits: [0x000001af271a0000, 0x000001af2b0f8000)

Polling page: 0x000001af0c260000

Metaspace:

Usage:
  Non-class:     18.79 MB used.
      Class:      2.01 MB used.
       Both:     20.80 MB used.

Virtual space:
  Non-class space:       64.00 MB reserved,      19.00 MB ( 30%) committed,  1 nodes.
      Class space:        1.00 GB reserved,       2.19 MB ( <1%) committed,  1 nodes.
             Both:        1.06 GB reserved,      21.19 MB (  2%) committed. 

Chunk freelists:
   Non-Class:  13.00 MB
       Class:  13.75 MB
        Both:  26.74 MB

MaxMetaspaceSize: unlimited
CompressedClassSpaceSize: 1.00 GB
Initial GC threshold: 21.00 MB
Current GC threshold: 35.12 MB
CDS: on
 - commit_granule_bytes: 65536.
 - commit_granule_words: 8192.
 - virtual_space_node_default_size: 8388608.
 - enlarge_chunks_in_place: 1.
UseCompressedClassPointers 1, UseCompactObjectHeaders 0
Narrow klass pointer bits 32, Max shift 3
Narrow klass base: 0x000001af2e000000, Narrow klass shift: 0
Encoding Range: [0x000001af2e000000 - 0x000001b02e000000), (4294967296 bytes)
Klass Range:    [0x000001af2e000000 - 0x000001af6f000000), (1090519040 bytes)
Klass ID Range:  [8 - 1090519033) (1090519025)


Internal statistics:

num_allocs_failed_limit: 3.
num_arena_births: 288.
num_arena_deaths: 0.
num_vsnodes_births: 2.
num_vsnodes_deaths: 0.
num_space_committed: 339.
num_space_uncommitted: 0.
num_chunks_returned_to_freelist: 3.
num_chunks_taken_from_freelist: 777.
num_chunk_merges: 0.
num_chunk_splits: 521.
num_chunks_enlarged: 368.
num_inconsistent_stats: 0.

CodeHeap 'non-profiled nmethods': size=120064Kb used=2114Kb max_used=2114Kb free=117949Kb
 bounds [0x000001af1e730000, 0x000001af1e9a0000, 0x000001af25c70000]
CodeHeap 'profiled nmethods': size=120000Kb used=9095Kb max_used=9095Kb free=110904Kb
 bounds [0x000001af16c70000, 0x000001af17560000, 0x000001af1e1a0000]
CodeHeap 'non-nmethods': size=5696Kb used=1521Kb max_used=1594Kb free=4175Kb
 bounds [0x000001af1e1a0000, 0x000001af1e410000, 0x000001af1e730000]
CodeCache: size=245760Kb, used=12730Kb, max_used=12803Kb, free=233028Kb
 total_blobs=5340, nmethods=4653, adapters=591, full_count=0
Compilation: enabled, stopped_count=0, restarted_count=0

Compilation events (20 events):
Event: 3.782 Thread 0x000001af730205d0 4650   !   3       sun.font.FontManagerFactory::getInstance (41 bytes)
Event: 3.783 Thread 0x000001af730205d0 nmethod 4650 0x000001af1754e888 code [0x000001af1754e9e0, 0x000001af1754f018]
Event: 3.783 Thread 0x000001af730205d0 4649       1       java.awt.RenderingHints$Key::intKey (5 bytes)
Event: 3.783 Thread 0x000001af730205d0 nmethod 4649 0x000001af1e931e88 code [0x000001af1e931f80, 0x000001af1e932048]
Event: 3.783 Thread 0x000001af730205d0 4652   !   3       sun.font.FileFontStrike::getCachedGlyphPtr (27 bytes)
Event: 3.783 Thread 0x000001af74a2dea0 nmethod 4648 0x000001af1e932188 code [0x000001af1e9322a0, 0x000001af1e9324e8]
Event: 3.783 Thread 0x000001af730205d0 nmethod 4652 0x000001af1754f088 code [0x000001af1754f220, 0x000001af1754f850]
Event: 3.783 Thread 0x000001af730205d0 4651       3       java.awt.Container::getComponentCount (5 bytes)
Event: 3.783 Thread 0x000001af730205d0 nmethod 4651 0x000001af1754f888 code [0x000001af1754f9c0, 0x000001af1754fc70]
Event: 3.783 Thread 0x000001af730205d0 4646       3       java.awt.Component::updateZOrder (14 bytes)
Event: 3.784 Thread 0x000001af730205d0 nmethod 4646 0x000001af1754fd08 code [0x000001af1754fe40, 0x000001af175500e0]
Event: 3.787 Thread 0x000001af730205d0 4653       3       sun.awt.AWTAutoShutdown::getInstance (4 bytes)
Event: 3.787 Thread 0x000001af730205d0 nmethod 4653 0x000001af17550108 code [0x000001af17550220, 0x000001af17550310]
Event: 3.792 Thread 0x000001af730205d0 4654       1       sun.java2d.SunGraphics2D::getSurfaceData (5 bytes)
Event: 3.792 Thread 0x000001af730205d0 nmethod 4654 0x000001af1e932588 code [0x000001af1e932680, 0x000001af1e932748]
Event: 3.792 Thread 0x000001af730205d0 4655   !   3       sun.awt.PostEventQueue::flush (168 bytes)
Event: 3.793 Thread 0x000001af730205d0 nmethod 4655 0x000001af17550408 code [0x000001af17550640, 0x000001af17551818]
Event: 4.203 Thread 0x000001af73abf5c0 nmethod 4305 0x000001af1e932888 code [0x000001af1e9335a0, 0x000001af1e940070]
Event: 5.040 Thread 0x000001af730205d0 4656       3       java.awt.EventQueue::eventToCacheIndex (80 bytes)
Event: 5.040 Thread 0x000001af730205d0 nmethod 4656 0x000001af17551888 code [0x000001af175519e0, 0x000001af17551f20]

GC Heap History (6 events):
Event: 1.186 GC heap before
{Heap before GC invocations=0 (full 0):
 garbage-first heap   total reserved 4151296K, committed 262144K, used 50292K [0x0000000702a00000, 0x0000000800000000)
  region size 2048K, 24 young (49152K), 0 survivors (0K)
 Metaspace       used 9927K, committed 10176K, reserved 1114112K
  class space    used 993K, committed 1088K, reserved 1048576K
}
Event: 1.196 GC heap after
{Heap after GC invocations=1 (full 0):
 garbage-first heap   total reserved 4151296K, committed 262144K, used 9492K [0x0000000702a00000, 0x0000000800000000)
  region size 2048K, 3 young (6144K), 3 survivors (6144K)
 Metaspace       used 9927K, committed 10176K, reserved 1114112K
  class space    used 993K, committed 1088K, reserved 1048576K
}
Event: 2.632 GC heap before
{Heap before GC invocations=1 (full 0):
 garbage-first heap   total reserved 4151296K, committed 262144K, used 120084K [0x0000000702a00000, 0x0000000800000000)
  region size 2048K, 57 young (116736K), 3 survivors (6144K)
 Metaspace       used 12552K, committed 12800K, reserved 1114112K
  class space    used 1200K, committed 1344K, reserved 1048576K
}
Event: 2.643 GC heap after
{Heap after GC invocations=2 (full 0):
 garbage-first heap   total reserved 4151296K, committed 262144K, used 13150K [0x0000000702a00000, 0x0000000800000000)
  region size 2048K, 5 young (10240K), 5 survivors (10240K)
 Metaspace       used 12552K, committed 12800K, reserved 1114112K
  class space    used 1200K, committed 1344K, reserved 1048576K
}
Event: 3.736 GC heap before
{Heap before GC invocations=2 (full 0):
 garbage-first heap   total reserved 4151296K, committed 262144K, used 80734K [0x0000000702a00000, 0x0000000800000000)
  region size 2048K, 37 young (75776K), 5 survivors (10240K)
 Metaspace       used 21099K, committed 21504K, reserved 1114112K
  class space    used 2039K, committed 2240K, reserved 1048576K
}
Event: 3.747 GC heap after
{Heap after GC invocations=3 (full 0):
 garbage-first heap   total reserved 4151296K, committed 262144K, used 17524K [0x0000000702a00000, 0x0000000800000000)
  region size 2048K, 5 young (10240K), 5 survivors (10240K)
 Metaspace       used 21099K, committed 21504K, reserved 1114112K
  class space    used 2039K, committed 2240K, reserved 1048576K
}

Dll operation events (8 events):
Event: 0.013 Loaded shared library C:\Program Files\Java\jdk-24\bin\java.dll
Event: 0.050 Loaded shared library C:\Program Files\Java\jdk-24\bin\jsvml.dll
Event: 0.108 Loaded shared library C:\Program Files\Java\jdk-24\bin\jimage.dll
Event: 0.115 Loaded shared library C:\Program Files\Java\jdk-24\bin\net.dll
Event: 0.118 Loaded shared library C:\Program Files\Java\jdk-24\bin\nio.dll
Event: 2.820 Loaded shared library C:\Program Files\Java\jdk-24\bin\awt.dll
Event: 3.034 Loaded shared library C:\Program Files\Java\jdk-24\bin\freetype.dll
Event: 3.036 Loaded shared library C:\Program Files\Java\jdk-24\bin\fontmanager.dll

Deoptimization events (20 events):
Event: 3.303 Thread 0x000001af0c07d590 Uncommon trap: trap_request=0xffffff5c fr.pc=0x000001af1e8f6e9c relative=0x000000000000009c
Event: 3.303 Thread 0x000001af0c07d590 Uncommon trap: reason=speculate_null_check action=make_not_entrant pc=0x000001af1e8f6e9c method=jdk.internal.misc.Unsafe.getIntUnaligned(Ljava/lang/Object;JZ)I @ 5 c2
Event: 3.303 Thread 0x000001af0c07d590 DEOPT PACKING pc=0x000001af1e8f6e9c sp=0x00000009278fe070
Event: 3.303 Thread 0x000001af0c07d590 DEOPT UNPACKING pc=0x000001af1e2b6382 sp=0x00000009278fded0 mode 2
Event: 3.327 Thread 0x000001af0c07d590 Uncommon trap: trap_request=0xffffff5c fr.pc=0x000001af1e8e3a64 relative=0x0000000000000064
Event: 3.327 Thread 0x000001af0c07d590 Uncommon trap: reason=speculate_null_check action=make_not_entrant pc=0x000001af1e8e3a64 method=jdk.internal.misc.Unsafe.getCharUnaligned(Ljava/lang/Object;JZ)C @ 5 c2
Event: 3.327 Thread 0x000001af0c07d590 DEOPT PACKING pc=0x000001af1e8e3a64 sp=0x00000009278fdd30
Event: 3.327 Thread 0x000001af0c07d590 DEOPT UNPACKING pc=0x000001af1e2b6382 sp=0x00000009278fdc88 mode 2
Event: 3.366 Thread 0x000001af0c07d590 DEOPT PACKING pc=0x000001af16e100e3 sp=0x00000009278fd950
Event: 3.366 Thread 0x000001af0c07d590 DEOPT UNPACKING pc=0x000001af1e1f5722 sp=0x00000009278fcea0 mode 0
Event: 3.386 Thread 0x000001af0c07d590 DEOPT PACKING pc=0x000001af16f54198 sp=0x00000009278fc140
Event: 3.386 Thread 0x000001af0c07d590 DEOPT UNPACKING pc=0x000001af1e1f5722 sp=0x00000009278fb5c8 mode 0
Event: 3.487 Thread 0x000001af0c07d590 Uncommon trap: trap_request=0xffffff4d fr.pc=0x000001af1e751d08 relative=0x00000000000000e8
Event: 3.487 Thread 0x000001af0c07d590 Uncommon trap: reason=unstable_if action=reinterpret pc=0x000001af1e751d08 method=java.lang.String.getBytes([BIB)V @ 5 c2
Event: 3.487 Thread 0x000001af0c07d590 DEOPT PACKING pc=0x000001af1e751d08 sp=0x00000009278feae0
Event: 3.487 Thread 0x000001af0c07d590 DEOPT UNPACKING pc=0x000001af1e2b6382 sp=0x00000009278feaa8 mode 2
Event: 3.487 Thread 0x000001af0c07d590 Uncommon trap: trap_request=0xffffff4d fr.pc=0x000001af1e845dc8 relative=0x0000000000000048
Event: 3.487 Thread 0x000001af0c07d590 Uncommon trap: reason=unstable_if action=reinterpret pc=0x000001af1e845dc8 method=java.lang.Character.isHighSurrogate(C)Z @ 3 c2
Event: 3.487 Thread 0x000001af0c07d590 DEOPT PACKING pc=0x000001af1e845dc8 sp=0x00000009278fe600
Event: 3.487 Thread 0x000001af0c07d590 DEOPT UNPACKING pc=0x000001af1e2b6382 sp=0x00000009278fe598 mode 2

Classes loaded (20 events):
Event: 3.788 Loading class sun/awt/im/CompositionAreaHandler
Event: 3.788 Loading class sun/awt/im/CompositionAreaHandler done
Event: 3.789 Loading class java/text/AttributedString
Event: 3.789 Loading class java/text/AttributedString done
Event: 3.789 Loading class java/text/AttributedString$AttributedStringIterator
Event: 3.789 Loading class java/text/AttributedCharacterIterator
Event: 3.789 Loading class java/text/AttributedCharacterIterator done
Event: 3.789 Loading class java/text/AttributedString$AttributedStringIterator done
Event: 3.790 Loading class java/awt/TextComponent
Event: 3.790 Loading class java/awt/TextComponent done
Event: 5.042 Loading class java/awt/event/MouseEvent$1
Event: 5.042 Loading class sun/awt/AWTAccessor$MouseEventAccessor
Event: 5.042 Loading class sun/awt/AWTAccessor$MouseEventAccessor done
Event: 5.042 Loading class java/awt/event/MouseEvent$1 done
Event: 5.111 Loading class java/awt/Cursor$CursorDisposer
Event: 5.111 Loading class java/awt/Cursor$CursorDisposer done
Event: 5.113 Loading class java/awt/Container$MouseEventTargetFilter
Event: 5.113 Loading class java/awt/Container$EventTargetFilter
Event: 5.113 Loading class java/awt/Container$EventTargetFilter done
Event: 5.113 Loading class java/awt/Container$MouseEventTargetFilter done

Classes unloaded (0 events):
No events

Classes redefined (0 events):
No events

Internal exceptions (20 events):
Event: 3.341 Thread 0x000001af0c07d590 Exception <a 'sun/nio/fs/WindowsException'{0x0000000710057d78}> (0x0000000710057d78) 
thrown [s\open\src\hotspot\share\prims\jni.cpp, line 518]
Event: 3.344 Thread 0x000001af0c07d590 Exception <a 'sun/nio/fs/WindowsException'{0x000000071006e930}> (0x000000071006e930) 
thrown [s\open\src\hotspot\share\prims\jni.cpp, line 518]
Event: 3.347 Thread 0x000001af0c07d590 Exception <a 'sun/nio/fs/WindowsException'{0x0000000710072908}> (0x0000000710072908) 
thrown [s\open\src\hotspot\share\prims\jni.cpp, line 518]
Event: 3.360 Thread 0x000001af0c07d590 Exception <a 'sun/nio/fs/WindowsException'{0x000000071014b050}> (0x000000071014b050) 
thrown [s\open\src\hotspot\share\prims\jni.cpp, line 518]
Event: 3.378 Thread 0x000001af0c07d590 Exception <a 'sun/nio/fs/WindowsException'{0x000000070fc10858}> (0x000000070fc10858) 
thrown [s\open\src\hotspot\share\prims\jni.cpp, line 518]
Event: 3.378 Thread 0x000001af0c07d590 Exception <a 'sun/nio/fs/WindowsException'{0x000000070fc11298}> (0x000000070fc11298) 
thrown [s\open\src\hotspot\share\prims\jni.cpp, line 518]
Event: 3.476 Thread 0x000001af0c07d590 Exception <a 'sun/nio/fs/WindowsException'{0x000000070f39e720}> (0x000000070f39e720) 
thrown [s\open\src\hotspot\share\prims\jni.cpp, line 518]
Event: 3.476 Thread 0x000001af0c07d590 Exception <a 'sun/nio/fs/WindowsException'{0x000000070f39ee40}> (0x000000070f39ee40) 
thrown [s\open\src\hotspot\share\prims\jni.cpp, line 518]
Event: 3.487 Thread 0x000001af0c07d590 Exception <a 'sun/nio/fs/WindowsException'{0x000000070f3bf1d0}> (0x000000070f3bf1d0) 
thrown [s\open\src\hotspot\share\prims\jni.cpp, line 518]
Event: 3.548 Thread 0x000001af0c07d590 Exception <a 'sun/nio/fs/WindowsException'{0x000000070ee26840}> (0x000000070ee26840) 
thrown [s\open\src\hotspot\share\prims\jni.cpp, line 518]
Event: 3.548 Thread 0x000001af0c07d590 Exception <a 'sun/nio/fs/WindowsException'{0x000000070ee26f68}> (0x000000070ee26f68) 
thrown [s\open\src\hotspot\share\prims\jni.cpp, line 518]
Event: 3.555 Thread 0x000001af0c07d590 Exception <a 'sun/nio/fs/WindowsException'{0x000000070eec0118}> (0x000000070eec0118) 
thrown [s\open\src\hotspot\share\prims\jni.cpp, line 518]
Event: 3.579 Thread 0x000001af0c07d590 Exception <a 'sun/nio/fs/WindowsException'{0x000000070ead7928}> (0x000000070ead7928) 
thrown [s\open\src\hotspot\share\prims\jni.cpp, line 518]
Event: 3.581 Thread 0x000001af0c07d590 Exception <a 'sun/nio/fs/WindowsException'{0x000000070eadae98}> (0x000000070eadae98) 
thrown [s\open\src\hotspot\share\prims\jni.cpp, line 518]
Event: 3.590 Thread 0x000001af0c07d590 Exception <a 'sun/nio/fs/WindowsException'{0x000000070eaff8f8}> (0x000000070eaff8f8) 
thrown [s\open\src\hotspot\share\prims\jni.cpp, line 518]
Event: 3.590 Thread 0x000001af0c07d590 Exception <a 'sun/nio/fs/WindowsException'{0x000000070eb00200}> (0x000000070eb00200) 
thrown [s\open\src\hotspot\share\prims\jni.cpp, line 518]
Event: 3.594 Thread 0x000001af0c07d590 Exception <a 'sun/nio/fs/WindowsException'{0x000000070eb0f8a0}> (0x000000070eb0f8a0) 
thrown [s\open\src\hotspot\share\prims\jni.cpp, line 518]
Event: 3.604 Thread 0x000001af0c07d590 Exception <a 'sun/nio/fs/WindowsException'{0x000000070eb13938}> (0x000000070eb13938) 
thrown [s\open\src\hotspot\share\prims\jni.cpp, line 518]
Event: 3.635 Thread 0x000001af0c07d590 Exception <a 'java/lang/NoSuchMethodError'{0x000000070eb3c788}: 'void java.lang.invoke.DirectMethodHandle$Holder.invokeStaticInit(java.lang.Object)'> (0x000000070eb3c788) 
thrown [s\open\src\hotspot\share\interpreter\linkResolver.cpp, line 805]
Event: 3.722 Thread 0x000001af74b81c70 Exception <a 'java/lang/NoSuchMethodError'{0x0000000710d10208}: 'void java.lang.invoke.DirectMethodHandle$Holder.invokeVirtual(java.lang.Object, java.lang.Object)'> (0x0000000710d10208) 
thrown [s\open\src\hotspot\share\interpreter\linkResolver.cpp, line 805]

VM Operations (20 events):
Event: 3.598 Executing VM operation: HandshakeAllThreads (Deoptimize)
Event: 3.598 Executing VM operation: HandshakeAllThreads (Deoptimize) done
Event: 3.609 Executing VM operation: HandshakeAllThreads (Deoptimize)
Event: 3.609 Executing VM operation: HandshakeAllThreads (Deoptimize) done
Event: 3.619 Executing VM operation: HandshakeAllThreads (Deoptimize)
Event: 3.619 Executing VM operation: HandshakeAllThreads (Deoptimize) done
Event: 3.646 Executing VM operation: HandshakeAllThreads (Deoptimize)
Event: 3.646 Executing VM operation: HandshakeAllThreads (Deoptimize) done
Event: 3.727 Executing VM operation: HandshakeAllThreads (Deoptimize)
Event: 3.727 Executing VM operation: HandshakeAllThreads (Deoptimize) done
Event: 3.736 Executing VM operation: CollectForMetadataAllocation (Metadata GC Threshold)
Event: 3.747 Executing VM operation: CollectForMetadataAllocation (Metadata GC Threshold) done
Event: 3.753 Executing VM operation: HandshakeAllThreads (Deoptimize)
Event: 3.753 Executing VM operation: HandshakeAllThreads (Deoptimize) done
Event: 3.756 Executing VM operation: G1PauseRemark
Event: 3.759 Executing VM operation: G1PauseRemark done
Event: 3.762 Executing VM operation: G1PauseCleanup
Event: 3.766 Executing VM operation: G1PauseCleanup done
Event: 3.791 Executing VM operation: HandshakeAllThreads (Deoptimize)
Event: 3.791 Executing VM operation: HandshakeAllThreads (Deoptimize) done

Memory protections (0 events):
No events

Nmethod flushes (0 events):
No events

Events (20 events):
Event: 0.046 Thread 0x000001af0c07d590 Thread added: 0x000001af2d3f2c60
Event: 0.046 Thread 0x000001af0c07d590 Thread added: 0x000001af2d3f5b00
Event: 0.046 Thread 0x000001af0c07d590 Thread added: 0x000001af2d3f69c0
Event: 0.046 Thread 0x000001af0c07d590 Thread added: 0x000001af2d3f7840
Event: 0.046 Thread 0x000001af0c07d590 Thread added: 0x000001af2d3f9380
Event: 0.046 Thread 0x000001af0c07d590 Thread added: 0x000001af2d3fa7f0
Event: 0.047 Thread 0x000001af0c07d590 Thread added: 0x000001af730205d0
Event: 0.077 Thread 0x000001af0c07d590 Thread added: 0x000001af730ccfd0
Event: 0.104 Thread 0x000001af0c07d590 Thread added: 0x000001af7324ff60
Event: 0.559 Thread 0x000001af2d3fa7f0 Thread added: 0x000001af73abf5c0
Event: 0.855 Thread 0x000001af73abf5c0 Thread added: 0x000001af7413c770
Event: 2.874 Thread 0x000001af0c07d590 Thread added: 0x000001af74b809e0
Event: 2.875 Thread 0x000001af0c07d590 Thread added: 0x000001af74b81120
Event: 2.876 Thread 0x000001af0c07d590 Thread added: 0x000001af74b81c70
Event: 3.232 Thread 0x000001af0c07d590 Thread added: 0x000001af75b5bf70
Event: 3.281 Thread 0x000001af7413c770 Thread exited: 0x000001af7413c770
Event: 3.402 Thread 0x000001af730205d0 Thread added: 0x000001af74a2dea0
Event: 3.725 Thread 0x000001af0c07d590 Thread exited: 0x000001af0c07d590
Event: 3.725 Thread 0x000001af0c07d590 Thread added: 0x000001af0c07d590
Event: 5.040 Thread 0x000001af74a2dea0 Thread exited: 0x000001af74a2dea0


Dynamic libraries:
0x00007ff650980000 - 0x00007ff650990000 	C:\Program Files\Java\jdk-24\bin\java.exe
0x00007ffd5dfa0000 - 0x00007ffd5e200000 	C:\WINDOWS\SYSTEM32\ntdll.dll
0x00007ffd5ccd0000 - 0x00007ffd5cd97000 	C:\WINDOWS\System32\KERNEL32.DLL
0x00007ffd5b240000 - 0x00007ffd5b60a000 	C:\WINDOWS\System32\KERNELBASE.dll
0x00007ffd5b610000 - 0x00007ffd5b75b000 	C:\WINDOWS\System32\ucrtbase.dll
0x00007ffd47310000 - 0x00007ffd47326000 	C:\Program Files\Java\jdk-24\bin\jli.dll
0x00007ffd3bf80000 - 0x00007ffd3bf9b000 	C:\Program Files\Java\jdk-24\bin\VCRUNTIME140.dll
0x00007ffd5ced0000 - 0x00007ffd5d09c000 	C:\WINDOWS\System32\USER32.dll
0x00007ffd4e630000 - 0x00007ffd4e8c7000 	C:\WINDOWS\WinSxS\amd64_microsoft.windows.common-controls_6595b64144ccf1df_6.0.26100.3624_none_3e086962e3345f24\COMCTL32.dll
0x00007ffd5b210000 - 0x00007ffd5b237000 	C:\WINDOWS\System32\win32u.dll
0x00007ffd5c4f0000 - 0x00007ffd5c599000 	C:\WINDOWS\System32\msvcrt.dll
0x00007ffd5bf20000 - 0x00007ffd5bf4a000 	C:\WINDOWS\System32\GDI32.dll
0x00007ffd5ba50000 - 0x00007ffd5bb81000 	C:\WINDOWS\System32\gdi32full.dll
0x00007ffd5bcf0000 - 0x00007ffd5bd93000 	C:\WINDOWS\System32\msvcp_win.dll
0x00007ffd5ddc0000 - 0x00007ffd5ddef000 	C:\WINDOWS\System32\IMM32.DLL
0x00007ffd546f0000 - 0x00007ffd546fc000 	C:\Program Files\Java\jdk-24\bin\vcruntime140_1.dll
0x00007ffd2c2e0000 - 0x00007ffd2c36e000 	C:\Program Files\Java\jdk-24\bin\msvcp140.dll
0x00007ffca1890000 - 0x00007ffca2632000 	C:\Program Files\Java\jdk-24\bin\server\jvm.dll
0x00007ffd5d120000 - 0x00007ffd5d1d2000 	C:\WINDOWS\System32\ADVAPI32.dll
0x00007ffd5cc20000 - 0x00007ffd5ccc6000 	C:\WINDOWS\System32\sechost.dll
0x00007ffd5cda0000 - 0x00007ffd5ceb6000 	C:\WINDOWS\System32\RPCRT4.dll
0x00007ffd5db90000 - 0x00007ffd5dc04000 	C:\WINDOWS\System32\WS2_32.dll
0x00007ffd5a920000 - 0x00007ffd5a97e000 	C:\WINDOWS\SYSTEM32\POWRPROF.dll
0x00007ffd53e50000 - 0x00007ffd53e5b000 	C:\WINDOWS\SYSTEM32\VERSION.dll
0x00007ffd49660000 - 0x00007ffd49696000 	C:\WINDOWS\SYSTEM32\WINMM.dll
0x00007ffd5a8a0000 - 0x00007ffd5a8b4000 	C:\WINDOWS\SYSTEM32\UMPDC.dll
0x00007ffd59f60000 - 0x00007ffd59f7a000 	C:\WINDOWS\SYSTEM32\kernel.appcore.dll
0x00007ffd53680000 - 0x00007ffd5368a000 	C:\Program Files\Java\jdk-24\bin\jimage.dll
0x00007ffd58010000 - 0x00007ffd58251000 	C:\WINDOWS\SYSTEM32\DBGHELP.DLL
0x00007ffd5c880000 - 0x00007ffd5cc02000 	C:\WINDOWS\System32\combase.dll
0x00007ffd5dce0000 - 0x00007ffd5ddb6000 	C:\WINDOWS\System32\OLEAUT32.dll
0x00007ffd417a0000 - 0x00007ffd417d9000 	C:\WINDOWS\SYSTEM32\dbgcore.DLL
0x00007ffd5bb90000 - 0x00007ffd5bc29000 	C:\WINDOWS\System32\bcryptPrimitives.dll
0x00007ffd33540000 - 0x00007ffd3355e000 	C:\Program Files\Java\jdk-24\bin\java.dll
0x00007ffd5d9d0000 - 0x00007ffd5db66000 	C:\WINDOWS\System32\ole32.dll
0x00007ffd5d1e0000 - 0x00007ffd5d909000 	C:\WINDOWS\System32\SHELL32.dll
0x00007ffd5b760000 - 0x00007ffd5b8c8000 	C:\WINDOWS\System32\wintypes.dll
0x00007ffd58e00000 - 0x00007ffd59652000 	C:\WINDOWS\SYSTEM32\windows.storage.dll
0x00007ffd5bf60000 - 0x00007ffd5c04d000 	C:\WINDOWS\System32\SHCORE.dll
0x00007ffd5dc70000 - 0x00007ffd5dcd4000 	C:\WINDOWS\System32\shlwapi.dll
0x00007ffd5b090000 - 0x00007ffd5b0bf000 	C:\WINDOWS\SYSTEM32\profapi.dll
0x00007ffd29520000 - 0x00007ffd295f7000 	C:\Program Files\Java\jdk-24\bin\jsvml.dll
0x00007ffd50570000 - 0x00007ffd50580000 	C:\Program Files\Java\jdk-24\bin\net.dll
0x00007ffd5a4b0000 - 0x00007ffd5a51a000 	C:\WINDOWS\system32\mswsock.dll
0x00007ffd31a60000 - 0x00007ffd31a76000 	C:\Program Files\Java\jdk-24\bin\nio.dll
0x00007ffd50bd0000 - 0x00007ffd50d4f000 	C:\Program Files\Java\jdk-24\bin\awt.dll
0x00007ffd57210000 - 0x00007ffd572ac000 	C:\WINDOWS\SYSTEM32\apphelp.dll
0x00007ffd582a0000 - 0x00007ffd582d6000 	C:\WINDOWS\system32\DWMAPI.DLL
0x00007ffd57320000 - 0x00007ffd573ce000 	C:\WINDOWS\system32\uxtheme.dll
0x00007ffd5de00000 - 0x00007ffd5df5d000 	C:\WINDOWS\System32\MSCTF.dll
0x00007ffd50930000 - 0x00007ffd509b7000 	C:\Program Files\Java\jdk-24\bin\freetype.dll
0x00007ffd50850000 - 0x00007ffd50927000 	C:\Program Files\Java\jdk-24\bin\fontmanager.dll
0x00007ffd3b740000 - 0x00007ffd3b84c000 	C:\WINDOWS\system32\opengl32.dll
0x00007ffd4d150000 - 0x00007ffd4d17d000 	C:\WINDOWS\SYSTEM32\GLU32.dll
0x00007ffd582f0000 - 0x00007ffd58337000 	C:\WINDOWS\SYSTEM32\dxcore.dll
0x00007ffd5c5a0000 - 0x00007ffd5c648000 	C:\WINDOWS\System32\clbcatq.dll
0x00007ffd560c0000 - 0x00007ffd562ee000 	C:\WINDOWS\SYSTEM32\WindowsCodecs.dll
0x00007ffd32ba0000 - 0x00007ffd32bfa000 	C:\WINDOWS\system32\dataexchange.dll
0x00007ffd4cdd0000 - 0x00007ffd4d00b000 	C:\WINDOWS\system32\twinapi.appcore.dll
0x00007ffd333d0000 - 0x00007ffd33519000 	C:\WINDOWS\SYSTEM32\textinputframework.dll

dbghelp: loaded successfully - version: 4.0.5 - missing functions: none
symbol engine: initialized successfully - sym options: 0x614 - pdb path: .;C:\Program Files\Java\jdk-24\bin;C:\WINDOWS\SYSTEM32;C:\WINDOWS\WinSxS\amd64_microsoft.windows.common-controls_6595b64144ccf1df_6.0.26100.3624_none_3e086962e3345f24;C:\Program Files\Java\jdk-24\bin\server

VM Arguments:
jvm_args: --add-modules=ALL-DEFAULT 
java_command: jdk.compiler/com.sun.tools.javac.launcher.SourceLauncher .\Part2\guiMain.java
java_class_path (initial): .
Launcher Type: SUN_STANDARD

[Global flags]
     intx CICompilerCount                          = 4                                         {product} {ergonomic}
     uint ConcGCThreads                            = 3                                         {product} {ergonomic}
     uint G1ConcRefinementThreads                  = 10                                        {product} {ergonomic}
   size_t G1HeapRegionSize                         = 2097152                                   {product} {ergonomic}
   size_t InitialHeapSize                          = 266338304                                 {product} {ergonomic}
   size_t MarkStackSize                            = 4194304                                   {product} {ergonomic}
   size_t MarkStackSizeMax                         = 536870912                                 {product} {ergonomic}
   size_t MaxHeapSize                              = 4250927104                                {product} {ergonomic}
   size_t MaxNewSize                               = 2550136832                                {product} {ergonomic}
   size_t MinHeapDeltaBytes                        = 2097152                                   {product} {ergonomic}
   size_t MinHeapSize                              = 8388608                                   {product} {ergonomic}
    uintx NonNMethodCodeHeapSize                   = 5832704                                {pd product} {ergonomic}
    uintx NonProfiledCodeHeapSize                  = 122945536                              {pd product} {ergonomic}
    uintx ProfiledCodeHeapSize                     = 122880000                              {pd product} {ergonomic}
    uintx ReservedCodeCacheSize                    = 251658240                              {pd product} {ergonomic}
     bool SegmentedCodeCache                       = true                                      {product} {ergonomic}
   size_t SoftMaxHeapSize                          = 4250927104                             {manageable} {ergonomic}
     bool UseCompressedOops                        = true                           {product lp64_product} {ergonomic}
     bool UseG1GC                                  = true                                      {product} {ergonomic}
     bool UseLargePagesIndividualAllocation        = false                                  {pd product} {ergonomic}

Logging:
Log output configuration:
 #0: stdout all=warning uptime,level,tags foldmultilines=false
 #1: stderr all=off uptime,level,tags foldmultilines=false

Environment Variables:
PATH=C:\Program Files\Common Files\Oracle\Java\javapath;C:\Program Files (x86)\Razer Chroma SDK\bin;C:\Program Files\Razer Chroma SDK\bin;C:\WINDOWS\system32;C:\WINDOWS;C:\WINDOWS\System32\Wbem;C:\WINDOWS\System32\WindowsPowerShell\v1.0\;C:\WINDOWS\System32\OpenSSH\;C:\Program Files (x86)\Bitvise SSH Client;C:\WINDOWS\system32\config\systemprofile\AppData\Local\Microsoft\WindowsApps;C:\Program Files (x86)\Razer\ChromaBroadcast\bin;C:\Program Files\Razer\ChromaBroadcast\bin;C:\Users\mroui\AppData\Local\Microsoft\WindowsApps;C:\Users\mroui\AppData\Local\Programs\Microsoft VS Code\bin;C:\Users\mroui\AppData\Local\GitHubDesktop\bin;;C:\Program Files\NVIDIA Corporation\NVIDIA app\NvDLISR;C:\Program Files (x86)\NVIDIA Corporation\PhysX\Common;C:\Program Files\dotnet\;C:\Users\mroui\AppData\Local\Microsoft\WindowsApps;C:\Users\mroui\AppData\Local\Programs\Microsoft VS Code\bin;C:\Users\mroui\AppData\Local\GitHubDesktop\bin;C:\Users\mroui\.dotnet\tools
USERNAME=mroui
LANG=en_US.UTF-8
OS=Windows_NT
PROCESSOR_IDENTIFIER=Intel64 Family 6 Model 165 Stepping 2, GenuineIntel
TMP=C:\Users\mroui\AppData\Local\Temp
TEMP=C:\Users\mroui\AppData\Local\Temp




Periodic native trim disabled

---------------  S Y S T E M  ---------------

OS:
 Windows 11 , 64 bit Build 26100 (10.0.26100.3775)
OS uptime: 15 days 22:12 hours
Hyper-V role detected

CPU: total 12 (initial active 12) (6 cores per cpu, 2 threads per core) family 6 model 165 stepping 2 microcode 0xe0, cx8, cmov, fxsr, ht, mmx, 3dnowpref, sse, sse2, sse3, ssse3, sse4.1, sse4.2, popcnt, lzcnt, tsc, tscinvbit, avx, avx2, aes, erms, clmul, bmi1, bmi2, adx, fma, vzeroupper, clflush, clflushopt, hv, rdtscp, f16c
Processor Information for the first 12 processors :
  Max Mhz: 2592, Current Mhz: 2592, Mhz Limit: 2592

Memory: 4k page, system-wide physical 16215M (6126M free)
TotalPageFile size 30551M (AvailPageFile size 17525M)
current process WorkingSet (physical memory assigned to process): 147M, peak: 265M
current process commit charge ("private bytes"): 221M, peak: 429M

vm_info: Java HotSpot(TM) 64-Bit Server VM (24+36-3646) for windows-amd64 JRE (24+36-3646), built on 2025-02-06T00:20:43Z with MS VC++ 17.6 (VS2022)

END.
